app/build/intermediates/manifest_merge_blame_file/debug/manifest-merger-blame-debug-report.txt
1<?xml version="1.0" encoding="utf-8"?>
2<manifest xmlns:android="http://schemas.android.com/apk/res/android"
3    package="com.fluffycandies.yogaguide"
4    android:installLocation="auto"
5    android:versionCode="11"
6    android:versionName="1.11" >
7    <!--
8 CameraX libraries require minSdkVersion 21, while this quickstart app
9    supports low to 19. Needs to use overrideLibrary to make the merger tool
10    ignore this conflict and import the libraries while keeping the app's lower
11    minSdkVersion value. In code, will check SDK version, before calling CameraX
12    APIs.
13    -->
14    <uses-sdk
14-->src\main\AndroidManifest.xml:12:5-16:60
15        android:minSdkVersion="21"
15-->src\main\AndroidManifest.xml:12:5-16:60
16        android:targetSdkVersion="34" />
16-->src\main\AndroidManifest.xml:12:5-16:60
17
18    <uses-feature android:name="android.hardware.camera" />
18-->src\main\AndroidManifest.xml:18:5-59
18-->src\main\AndroidManifest.xml:18:19-57
19
20    <uses-permission android:name="android.permission.INTERNET" />
20-->src\main\AndroidManifest.xml:20:5-66
20-->src\main\AndroidManifest.xml:20:22-64
21    <uses-permission android:name="android.permission.WRITE_EXTERNAL_STORAGE" />
21-->src\main\AndroidManifest.xml:21:5-80
21-->src\main\AndroidManifest.xml:21:22-78
22    <uses-permission android:name="android.permission.READ_EXTERNAL_STORAGE" />
22-->src\main\AndroidManifest.xml:22:5-79
22-->src\main\AndroidManifest.xml:22:22-77
23    <uses-permission android:name="android.permission.CAMERA" />
23-->src\main\AndroidManifest.xml:23:5-64
23-->src\main\AndroidManifest.xml:23:22-62
24
25    <queries>
25-->src\main\AndroidManifest.xml:72:5-76:15
26        <intent>
26-->src\main\AndroidManifest.xml:73:9-75:18
27            <action android:name="android.media.action.IMAGE_CAPTURE" />
27-->src\main\AndroidManifest.xml:74:13-73
27-->src\main\AndroidManifest.xml:74:21-70
28        </intent>
29    </queries>
30
31    <!-- For remote config -->
32    <uses-permission android:name="android.permission.ACCESS_NETWORK_STATE" />
32-->[com.google.mlkit:pose-detection-common:18.0.0-beta5] AndroidManifest.xml:7:5-79
32-->[com.google.mlkit:pose-detection-common:18.0.0-beta5] AndroidManifest.xml:7:22-76
33    <uses-permission android:name="android.permission.WAKE_LOCK" />
33-->[androidx.work:work-runtime:2.7.0] AndroidManifest.xml:25:5-68
33-->[androidx.work:work-runtime:2.7.0] AndroidManifest.xml:25:22-65
34    <uses-permission android:name="android.permission.RECEIVE_BOOT_COMPLETED" />
34-->[androidx.work:work-runtime:2.7.0] AndroidManifest.xml:27:5-81
34-->[androidx.work:work-runtime:2.7.0] AndroidManifest.xml:27:22-78
35    <uses-permission android:name="android.permission.FOREGROUND_SERVICE" />
35-->[androidx.work:work-runtime:2.7.0] AndroidManifest.xml:28:5-77
35-->[androidx.work:work-runtime:2.7.0] AndroidManifest.xml:28:22-74
36
37    <permission
37-->[androidx.core:core:1.9.0] AndroidManifest.xml:22:5-24:47
38        android:name="com.fluffycandies.yogaguide.DYNAMIC_RECEIVER_NOT_EXPORTED_PERMISSION"
38-->[androidx.core:core:1.9.0] AndroidManifest.xml:23:9-81
39        android:protectionLevel="signature" />
39-->[androidx.core:core:1.9.0] AndroidManifest.xml:24:9-44
40
41    <uses-permission android:name="com.fluffycandies.yogaguide.DYNAMIC_RECEIVER_NOT_EXPORTED_PERMISSION" />
41-->[androidx.core:core:1.9.0] AndroidManifest.xml:26:5-97
41-->[androidx.core:core:1.9.0] AndroidManifest.xml:26:22-94
42
43    <application
43-->src\main\AndroidManifest.xml:25:5-71:19
44        android:name="androidx.multidex.MultiDexApplication"
44-->src\main\AndroidManifest.xml:26:9-61
45        android:appComponentFactory="androidx.core.app.CoreComponentFactory"
45-->[androidx.core:core:1.9.0] AndroidManifest.xml:28:18-86
46        android:debuggable="true"
47        android:icon="@drawable/logo_yoga"
47-->src\main\AndroidManifest.xml:27:9-43
48        android:label="@string/app_name"
48-->src\main\AndroidManifest.xml:28:9-41
49        android:testOnly="true"
50        android:theme="@style/Theme.AppCompat" >
50-->src\main\AndroidManifest.xml:29:9-47
51        <meta-data
51-->src\main\AndroidManifest.xml:31:9-33:68
52            android:name="com.google.android.gms.version"
52-->src\main\AndroidManifest.xml:32:13-58
53            android:value="@integer/google_play_services_version" />
53-->src\main\AndroidManifest.xml:33:13-66
54
55        <!--
56          Optional: Add it to automatically download ML model to device after
57          your app is installed.
58        -->
59        <meta-data
59-->src\main\AndroidManifest.xml:37:9-39:31
60            android:name="com.google.mlkit.vision.DEPENDENCIES"
60-->src\main\AndroidManifest.xml:38:13-64
61            android:value="" />
61-->src\main\AndroidManifest.xml:39:13-29
62
63        <activity
63-->src\main\AndroidManifest.xml:41:9-49:20
64            android:name="com.fluffycandies.yogaguide.EntryChoiceActivity"
64-->src\main\AndroidManifest.xml:42:13-48
65            android:exported="true"
65-->src\main\AndroidManifest.xml:43:13-36
66            android:theme="@style/AppTheme" >
66-->src\main\AndroidManifest.xml:44:13-44
67            <intent-filter>
67-->src\main\AndroidManifest.xml:45:13-48:29
68                <action android:name="android.intent.action.MAIN" />
68-->src\main\AndroidManifest.xml:46:17-68
68-->src\main\AndroidManifest.xml:46:25-66
69
70                <category android:name="android.intent.category.LAUNCHER" />
70-->src\main\AndroidManifest.xml:47:17-76
70-->src\main\AndroidManifest.xml:47:27-74
71            </intent-filter>
72        </activity>
73        <activity
73-->src\main\AndroidManifest.xml:51:9-54:20
74            android:name="com.fluffycandies.yogaguide.java.PoseSelectionActivity"
74-->src\main\AndroidManifest.xml:52:13-55
75            android:exported="false" >
75-->src\main\AndroidManifest.xml:53:13-37
76        </activity>
77        <activity
77-->src\main\AndroidManifest.xml:56:9-59:20
78            android:name="com.fluffycandies.yogaguide.java.PoseDetailsActivity"
78-->src\main\AndroidManifest.xml:57:13-53
79            android:exported="false" >
79-->src\main\AndroidManifest.xml:58:13-37
80        </activity>
81        <activity
81-->src\main\AndroidManifest.xml:61:9-65:20
82            android:name="com.fluffycandies.yogaguide.java.CameraXLivePreviewActivity"
82-->src\main\AndroidManifest.xml:62:13-60
83            android:exported="false"
83-->src\main\AndroidManifest.xml:63:13-37
84            android:theme="@style/AppTheme" >
84-->src\main\AndroidManifest.xml:64:13-44
85        </activity>
86        <activity
86-->src\main\AndroidManifest.xml:67:9-69:39
87            android:name="com.fluffycandies.yogaguide.preference.SettingsActivity"
87-->src\main\AndroidManifest.xml:68:13-56
88            android:exported="false" />
88-->src\main\AndroidManifest.xml:69:13-37
89
90        <!--
91             Required for ML Kit Pose Detection GPU acceleration. Applications that target Android
92             S+ require explicit declaration of any referenced vendor-provided libraries.
93        -->
94        <uses-native-library
94-->[com.google.mlkit:pose-detection-common:18.0.0-beta5] AndroidManifest.xml:16:9-18:40
95            android:name="libOpenCL.so"
95-->[com.google.mlkit:pose-detection-common:18.0.0-beta5] AndroidManifest.xml:17:13-40
96            android:required="false" />
96-->[com.google.mlkit:pose-detection-common:18.0.0-beta5] AndroidManifest.xml:18:13-37
97        <uses-native-library
97-->[com.google.mlkit:pose-detection-common:18.0.0-beta5] AndroidManifest.xml:16:9-18:40
98            android:name="libOpenCL-car.so"
98-->[com.google.mlkit:pose-detection-common:18.0.0-beta5] AndroidManifest.xml:17:13-40
99            android:required="false" />
99-->[com.google.mlkit:pose-detection-common:18.0.0-beta5] AndroidManifest.xml:18:13-37
100        <uses-native-library
100-->[com.google.mlkit:pose-detection-common:18.0.0-beta5] AndroidManifest.xml:16:9-18:40
101            android:name="libOpenCL-pixel.so"
101-->[com.google.mlkit:pose-detection-common:18.0.0-beta5] AndroidManifest.xml:17:13-40
102            android:required="false" />
102-->[com.google.mlkit:pose-detection-common:18.0.0-beta5] AndroidManifest.xml:18:13-37
103
104        <service
104-->[com.google.mlkit:pose-detection-common:18.0.0-beta5] AndroidManifest.xml:26:9-32:19
105            android:name="com.google.mlkit.common.internal.MlKitComponentDiscoveryService"
105-->[com.google.mlkit:pose-detection-common:18.0.0-beta5] AndroidManifest.xml:27:13-91
106            android:directBootAware="true"
106-->[com.google.mlkit:common:18.11.0] AndroidManifest.xml:17:13-43
107            android:exported="false" >
107-->[com.google.mlkit:pose-detection-common:18.0.0-beta5] AndroidManifest.xml:28:13-37
108            <meta-data
108-->[com.google.mlkit:pose-detection-common:18.0.0-beta5] AndroidManifest.xml:29:13-31:85
109                android:name="com.google.firebase.components:com.google.mlkit.vision.pose.internal.PoseRegistrar"
109-->[com.google.mlkit:pose-detection-common:18.0.0-beta5] AndroidManifest.xml:30:17-114
110                android:value="com.google.firebase.components.ComponentRegistrar" />
110-->[com.google.mlkit:pose-detection-common:18.0.0-beta5] AndroidManifest.xml:31:17-82
111            <meta-data
111-->[com.google.mlkit:vision-common:17.3.0] AndroidManifest.xml:12:13-14:85
112                android:name="com.google.firebase.components:com.google.mlkit.vision.common.internal.VisionCommonRegistrar"
112-->[com.google.mlkit:vision-common:17.3.0] AndroidManifest.xml:13:17-124
113                android:value="com.google.firebase.components.ComponentRegistrar" />
113-->[com.google.mlkit:vision-common:17.3.0] AndroidManifest.xml:14:17-82
114            <meta-data
114-->[com.google.mlkit:common:18.11.0] AndroidManifest.xml:20:13-22:85
115                android:name="com.google.firebase.components:com.google.mlkit.common.internal.CommonComponentRegistrar"
115-->[com.google.mlkit:common:18.11.0] AndroidManifest.xml:21:17-120
116                android:value="com.google.firebase.components.ComponentRegistrar" />
116-->[com.google.mlkit:common:18.11.0] AndroidManifest.xml:22:17-82
117        </service>
118        <service
118-->[com.google.mlkit:acceleration:16.0.0-beta2] AndroidManifest.xml:8:9-11:68
119            android:name="com.google.mlkit.acceleration.internal.MlKitRemoteWorkerService"
119-->[com.google.mlkit:acceleration:16.0.0-beta2] AndroidManifest.xml:9:13-91
120            android:exported="false"
120-->[com.google.mlkit:acceleration:16.0.0-beta2] AndroidManifest.xml:10:13-37
121            android:process=":mlkit_acceleration_mini_benchmark" />
121-->[com.google.mlkit:acceleration:16.0.0-beta2] AndroidManifest.xml:11:13-65
122        <service
122-->[androidx.work:work-multiprocess:2.7.0] AndroidManifest.xml:25:9-27:40
123            android:name="androidx.work.multiprocess.RemoteWorkManagerService"
123-->[androidx.work:work-multiprocess:2.7.0] AndroidManifest.xml:26:13-79
124            android:exported="false" />
124-->[androidx.work:work-multiprocess:2.7.0] AndroidManifest.xml:27:13-37
125
126        <provider
126-->[com.google.mlkit:common:18.11.0] AndroidManifest.xml:9:9-13:38
127            android:name="com.google.mlkit.common.internal.MlKitInitProvider"
127-->[com.google.mlkit:common:18.11.0] AndroidManifest.xml:10:13-78
128            android:authorities="com.fluffycandies.yogaguide.mlkitinitprovider"
128-->[com.google.mlkit:common:18.11.0] AndroidManifest.xml:11:13-69
129            android:exported="false"
129-->[com.google.mlkit:common:18.11.0] AndroidManifest.xml:12:13-37
130            android:initOrder="99" />
130-->[com.google.mlkit:common:18.11.0] AndroidManifest.xml:13:13-35
131
132        <activity
132-->[com.google.android.gms:play-services-base:18.5.0] AndroidManifest.xml:5:9-173
133            android:name="com.google.android.gms.common.api.GoogleApiActivity"
133-->[com.google.android.gms:play-services-base:18.5.0] AndroidManifest.xml:5:19-85
134            android:exported="false"
134-->[com.google.android.gms:play-services-base:18.5.0] AndroidManifest.xml:5:146-170
135            android:theme="@android:style/Theme.Translucent.NoTitleBar" />
135-->[com.google.android.gms:play-services-base:18.5.0] AndroidManifest.xml:5:86-145
136
137        <provider
137-->[androidx.work:work-runtime:2.7.0] AndroidManifest.xml:31:9-39:20
138            android:name="androidx.startup.InitializationProvider"
138-->[androidx.work:work-runtime:2.7.0] AndroidManifest.xml:32:13-67
139            android:authorities="com.fluffycandies.yogaguide.androidx-startup"
139-->[androidx.work:work-runtime:2.7.0] AndroidManifest.xml:33:13-68
140            android:exported="false" >
140-->[androidx.work:work-runtime:2.7.0] AndroidManifest.xml:34:13-37
141            <meta-data
141-->[androidx.work:work-runtime:2.7.0] AndroidManifest.xml:36:13-38:52
142                android:name="androidx.work.WorkManagerInitializer"
142-->[androidx.work:work-runtime:2.7.0] AndroidManifest.xml:37:17-68
143                android:value="androidx.startup" />
143-->[androidx.work:work-runtime:2.7.0] AndroidManifest.xml:38:17-49
144            <meta-data
144-->[androidx.emoji2:emoji2:1.2.0] AndroidManifest.xml:29:13-31:52
145                android:name="androidx.emoji2.text.EmojiCompatInitializer"
145-->[androidx.emoji2:emoji2:1.2.0] AndroidManifest.xml:30:17-75
146                android:value="androidx.startup" />
146-->[androidx.emoji2:emoji2:1.2.0] AndroidManifest.xml:31:17-49
147            <meta-data
147-->[androidx.lifecycle:lifecycle-process:2.4.1] AndroidManifest.xml:31:13-33:52
148                android:name="androidx.lifecycle.ProcessLifecycleInitializer"
148-->[androidx.lifecycle:lifecycle-process:2.4.1] AndroidManifest.xml:32:17-78
149                android:value="androidx.startup" />
149-->[androidx.lifecycle:lifecycle-process:2.4.1] AndroidManifest.xml:33:17-49
150        </provider>
151
152        <service
152-->[androidx.work:work-runtime:2.7.0] AndroidManifest.xml:41:9-46:35
153            android:name="androidx.work.impl.background.systemalarm.SystemAlarmService"
153-->[androidx.work:work-runtime:2.7.0] AndroidManifest.xml:42:13-88
154            android:directBootAware="false"
154-->[androidx.work:work-runtime:2.7.0] AndroidManifest.xml:43:13-44
155            android:enabled="@bool/enable_system_alarm_service_default"
155-->[androidx.work:work-runtime:2.7.0] AndroidManifest.xml:44:13-72
156            android:exported="false" />
156-->[androidx.work:work-runtime:2.7.0] AndroidManifest.xml:45:13-37
157        <service
157-->[androidx.work:work-runtime:2.7.0] AndroidManifest.xml:47:9-53:35
158            android:name="androidx.work.impl.background.systemjob.SystemJobService"
158-->[androidx.work:work-runtime:2.7.0] AndroidManifest.xml:48:13-84
159            android:directBootAware="false"
159-->[androidx.work:work-runtime:2.7.0] AndroidManifest.xml:49:13-44
160            android:enabled="@bool/enable_system_job_service_default"
160-->[androidx.work:work-runtime:2.7.0] AndroidManifest.xml:50:13-70
161            android:exported="true"
161-->[androidx.work:work-runtime:2.7.0] AndroidManifest.xml:51:13-36
162            android:permission="android.permission.BIND_JOB_SERVICE" />
162-->[androidx.work:work-runtime:2.7.0] AndroidManifest.xml:52:13-69
163        <service
163-->[androidx.work:work-runtime:2.7.0] AndroidManifest.xml:54:9-59:35
164            android:name="androidx.work.impl.foreground.SystemForegroundService"
164-->[androidx.work:work-runtime:2.7.0] AndroidManifest.xml:55:13-81
165            android:directBootAware="false"
165-->[androidx.work:work-runtime:2.7.0] AndroidManifest.xml:56:13-44
166            android:enabled="@bool/enable_system_foreground_service_default"
166-->[androidx.work:work-runtime:2.7.0] AndroidManifest.xml:57:13-77
167            android:exported="false" />
167-->[androidx.work:work-runtime:2.7.0] AndroidManifest.xml:58:13-37
168
169        <receiver
169-->[androidx.work:work-runtime:2.7.0] AndroidManifest.xml:61:9-66:35
170            android:name="androidx.work.impl.utils.ForceStopRunnable$BroadcastReceiver"
170-->[androidx.work:work-runtime:2.7.0] AndroidManifest.xml:62:13-88
171            android:directBootAware="false"
171-->[androidx.work:work-runtime:2.7.0] AndroidManifest.xml:63:13-44
172            android:enabled="true"
172-->[androidx.work:work-runtime:2.7.0] AndroidManifest.xml:64:13-35
173            android:exported="false" />
173-->[androidx.work:work-runtime:2.7.0] AndroidManifest.xml:65:13-37
174        <receiver
174-->[androidx.work:work-runtime:2.7.0] AndroidManifest.xml:67:9-77:20
175            android:name="androidx.work.impl.background.systemalarm.ConstraintProxy$BatteryChargingProxy"
175-->[androidx.work:work-runtime:2.7.0] AndroidManifest.xml:68:13-106
176            android:directBootAware="false"
176-->[androidx.work:work-runtime:2.7.0] AndroidManifest.xml:69:13-44
177            android:enabled="false"
177-->[androidx.work:work-runtime:2.7.0] AndroidManifest.xml:70:13-36
178            android:exported="false" >
178-->[androidx.work:work-runtime:2.7.0] AndroidManifest.xml:71:13-37
179            <intent-filter>
179-->[androidx.work:work-runtime:2.7.0] AndroidManifest.xml:73:13-76:29
180                <action android:name="android.intent.action.ACTION_POWER_CONNECTED" />
180-->[androidx.work:work-runtime:2.7.0] AndroidManifest.xml:74:17-87
180-->[androidx.work:work-runtime:2.7.0] AndroidManifest.xml:74:25-84
181                <action android:name="android.intent.action.ACTION_POWER_DISCONNECTED" />
181-->[androidx.work:work-runtime:2.7.0] AndroidManifest.xml:75:17-90
181-->[androidx.work:work-runtime:2.7.0] AndroidManifest.xml:75:25-87
182            </intent-filter>
183        </receiver>
184        <receiver
184-->[androidx.work:work-runtime:2.7.0] AndroidManifest.xml:78:9-88:20
185            android:name="androidx.work.impl.background.systemalarm.ConstraintProxy$BatteryNotLowProxy"
185-->[androidx.work:work-runtime:2.7.0] AndroidManifest.xml:79:13-104
186            android:directBootAware="false"
186-->[androidx.work:work-runtime:2.7.0] AndroidManifest.xml:80:13-44
187            android:enabled="false"
187-->[androidx.work:work-runtime:2.7.0] AndroidManifest.xml:81:13-36
188            android:exported="false" >
188-->[androidx.work:work-runtime:2.7.0] AndroidManifest.xml:82:13-37
189            <intent-filter>
189-->[androidx.work:work-runtime:2.7.0] AndroidManifest.xml:84:13-87:29
190                <action android:name="android.intent.action.BATTERY_OKAY" />
190-->[androidx.work:work-runtime:2.7.0] AndroidManifest.xml:85:17-77
190-->[androidx.work:work-runtime:2.7.0] AndroidManifest.xml:85:25-74
191                <action android:name="android.intent.action.BATTERY_LOW" />
191-->[androidx.work:work-runtime:2.7.0] AndroidManifest.xml:86:17-76
191-->[androidx.work:work-runtime:2.7.0] AndroidManifest.xml:86:25-73
192            </intent-filter>
193        </receiver>
194        <receiver
194-->[androidx.work:work-runtime:2.7.0] AndroidManifest.xml:89:9-99:20
195            android:name="androidx.work.impl.background.systemalarm.ConstraintProxy$StorageNotLowProxy"
195-->[androidx.work:work-runtime:2.7.0] AndroidManifest.xml:90:13-104
196            android:directBootAware="false"
196-->[androidx.work:work-runtime:2.7.0] AndroidManifest.xml:91:13-44
197            android:enabled="false"
197-->[androidx.work:work-runtime:2.7.0] AndroidManifest.xml:92:13-36
198            android:exported="false" >
198-->[androidx.work:work-runtime:2.7.0] AndroidManifest.xml:93:13-37
199            <intent-filter>
199-->[androidx.work:work-runtime:2.7.0] AndroidManifest.xml:95:13-98:29
200                <action android:name="android.intent.action.DEVICE_STORAGE_LOW" />
200-->[androidx.work:work-runtime:2.7.0] AndroidManifest.xml:96:17-83
200-->[androidx.work:work-runtime:2.7.0] AndroidManifest.xml:96:25-80
201                <action android:name="android.intent.action.DEVICE_STORAGE_OK" />
201-->[androidx.work:work-runtime:2.7.0] AndroidManifest.xml:97:17-82
201-->[androidx.work:work-runtime:2.7.0] AndroidManifest.xml:97:25-79
202            </intent-filter>
203        </receiver>
204        <receiver
204-->[androidx.work:work-runtime:2.7.0] AndroidManifest.xml:100:9-109:20
205            android:name="androidx.work.impl.background.systemalarm.ConstraintProxy$NetworkStateProxy"
205-->[androidx.work:work-runtime:2.7.0] AndroidManifest.xml:101:13-103
206            android:directBootAware="false"
206-->[androidx.work:work-runtime:2.7.0] AndroidManifest.xml:102:13-44
207            android:enabled="false"
207-->[androidx.work:work-runtime:2.7.0] AndroidManifest.xml:103:13-36
208            android:exported="false" >
208-->[androidx.work:work-runtime:2.7.0] AndroidManifest.xml:104:13-37
209            <intent-filter>
209-->[androidx.work:work-runtime:2.7.0] AndroidManifest.xml:106:13-108:29
210                <action android:name="android.net.conn.CONNECTIVITY_CHANGE" />
210-->[androidx.work:work-runtime:2.7.0] AndroidManifest.xml:107:17-79
210-->[androidx.work:work-runtime:2.7.0] AndroidManifest.xml:107:25-76
211            </intent-filter>
212        </receiver>
213        <receiver
213-->[androidx.work:work-runtime:2.7.0] AndroidManifest.xml:110:9-121:20
214            android:name="androidx.work.impl.background.systemalarm.RescheduleReceiver"
214-->[androidx.work:work-runtime:2.7.0] AndroidManifest.xml:111:13-88
215            android:directBootAware="false"
215-->[androidx.work:work-runtime:2.7.0] AndroidManifest.xml:112:13-44
216            android:enabled="false"
216-->[androidx.work:work-runtime:2.7.0] AndroidManifest.xml:113:13-36
217            android:exported="false" >
217-->[androidx.work:work-runtime:2.7.0] AndroidManifest.xml:114:13-37
218            <intent-filter>
218-->[androidx.work:work-runtime:2.7.0] AndroidManifest.xml:116:13-120:29
219                <action android:name="android.intent.action.BOOT_COMPLETED" />
219-->[androidx.work:work-runtime:2.7.0] AndroidManifest.xml:117:17-79
219-->[androidx.work:work-runtime:2.7.0] AndroidManifest.xml:117:25-76
220                <action android:name="android.intent.action.TIME_SET" />
220-->[androidx.work:work-runtime:2.7.0] AndroidManifest.xml:118:17-73
220-->[androidx.work:work-runtime:2.7.0] AndroidManifest.xml:118:25-70
221                <action android:name="android.intent.action.TIMEZONE_CHANGED" />
221-->[androidx.work:work-runtime:2.7.0] AndroidManifest.xml:119:17-81
221-->[androidx.work:work-runtime:2.7.0] AndroidManifest.xml:119:25-78
222            </intent-filter>
223        </receiver>
224        <receiver
224-->[androidx.work:work-runtime:2.7.0] AndroidManifest.xml:122:9-131:20
225            android:name="androidx.work.impl.background.systemalarm.ConstraintProxyUpdateReceiver"
225-->[androidx.work:work-runtime:2.7.0] AndroidManifest.xml:123:13-99
226            android:directBootAware="false"
226-->[androidx.work:work-runtime:2.7.0] AndroidManifest.xml:124:13-44
227            android:enabled="@bool/enable_system_alarm_service_default"
227-->[androidx.work:work-runtime:2.7.0] AndroidManifest.xml:125:13-72
228            android:exported="false" >
228-->[androidx.work:work-runtime:2.7.0] AndroidManifest.xml:126:13-37
229            <intent-filter>
229-->[androidx.work:work-runtime:2.7.0] AndroidManifest.xml:128:13-130:29
230                <action android:name="androidx.work.impl.background.systemalarm.UpdateProxies" />
230-->[androidx.work:work-runtime:2.7.0] AndroidManifest.xml:129:17-98
230-->[androidx.work:work-runtime:2.7.0] AndroidManifest.xml:129:25-95
231            </intent-filter>
232        </receiver>
233        <receiver
233-->[androidx.work:work-runtime:2.7.0] AndroidManifest.xml:132:9-142:20
234            android:name="androidx.work.impl.diagnostics.DiagnosticsReceiver"
234-->[androidx.work:work-runtime:2.7.0] AndroidManifest.xml:133:13-78
235            android:directBootAware="false"
235-->[androidx.work:work-runtime:2.7.0] AndroidManifest.xml:134:13-44
236            android:enabled="true"
236-->[androidx.work:work-runtime:2.7.0] AndroidManifest.xml:135:13-35
237            android:exported="true"
237-->[androidx.work:work-runtime:2.7.0] AndroidManifest.xml:136:13-36
238            android:permission="android.permission.DUMP" >
238-->[androidx.work:work-runtime:2.7.0] AndroidManifest.xml:137:13-57
239            <intent-filter>
239-->[androidx.work:work-runtime:2.7.0] AndroidManifest.xml:139:13-141:29
240                <action android:name="androidx.work.diagnostics.REQUEST_DIAGNOSTICS" />
240-->[androidx.work:work-runtime:2.7.0] AndroidManifest.xml:140:17-88
240-->[androidx.work:work-runtime:2.7.0] AndroidManifest.xml:140:25-85
241            </intent-filter>
242        </receiver>
243
244        <service
244-->[androidx.room:room-runtime:2.2.5] AndroidManifest.xml:25:9-28:40
245            android:name="androidx.room.MultiInstanceInvalidationService"
245-->[androidx.room:room-runtime:2.2.5] AndroidManifest.xml:26:13-74
246            android:directBootAware="true"
246-->[androidx.room:room-runtime:2.2.5] AndroidManifest.xml:27:13-43
247            android:exported="false" />
247-->[androidx.room:room-runtime:2.2.5] AndroidManifest.xml:28:13-37
248        <service
248-->[com.google.android.datatransport:transport-backend-cct:2.3.3] AndroidManifest.xml:29:9-35:19
249            android:name="com.google.android.datatransport.runtime.backends.TransportBackendDiscovery"
249-->[com.google.android.datatransport:transport-backend-cct:2.3.3] AndroidManifest.xml:30:13-103
250            android:exported="false" >
250-->[com.google.android.datatransport:transport-backend-cct:2.3.3] AndroidManifest.xml:31:13-37
251            <meta-data
251-->[com.google.android.datatransport:transport-backend-cct:2.3.3] AndroidManifest.xml:32:13-34:39
252                android:name="backend:com.google.android.datatransport.cct.CctBackendFactory"
252-->[com.google.android.datatransport:transport-backend-cct:2.3.3] AndroidManifest.xml:33:17-94
253                android:value="cct" />
253-->[com.google.android.datatransport:transport-backend-cct:2.3.3] AndroidManifest.xml:34:17-36
254        </service>
255        <service
255-->[com.google.android.datatransport:transport-runtime:2.2.6] AndroidManifest.xml:26:9-30:19
256            android:name="com.google.android.datatransport.runtime.scheduling.jobscheduling.JobInfoSchedulerService"
256-->[com.google.android.datatransport:transport-runtime:2.2.6] AndroidManifest.xml:27:13-117
257            android:exported="false"
257-->[com.google.android.datatransport:transport-runtime:2.2.6] AndroidManifest.xml:28:13-37
258            android:permission="android.permission.BIND_JOB_SERVICE" >
258-->[com.google.android.datatransport:transport-runtime:2.2.6] AndroidManifest.xml:29:13-69
259        </service>
260
261        <receiver
261-->[com.google.android.datatransport:transport-runtime:2.2.6] AndroidManifest.xml:32:9-34:40
262            android:name="com.google.android.datatransport.runtime.scheduling.jobscheduling.AlarmManagerSchedulerBroadcastReceiver"
262-->[com.google.android.datatransport:transport-runtime:2.2.6] AndroidManifest.xml:33:13-132
263            android:exported="false" />
263-->[com.google.android.datatransport:transport-runtime:2.2.6] AndroidManifest.xml:34:13-37
264    </application>
265
266</manifest>